[Wed, 20 Jan 2021 17:18:31 GMT] programmeruser edited "test"
[Wed, 20 Jan 2021 17:31:36 GMT] TigerTheCat edited "test"
[Wed, 20 Jan 2021 17:37:32 GMT] angrydoge edited "angrydoge"
[Wed, 20 Jan 2021 17:37:52 GMT] angrydoge edited "angrydoge"
[Wed, 20 Jan 2021 17:38:19 GMT] FreakySkelebone edited "All Dogs Go To Heaven 2"
[Wed, 20 Jan 2021 17:39:10 GMT] angrydoge edited "angrydoge"
[Wed, 20 Jan 2021 17:39:23 GMT] FreakySkelebone edited "cats"
[Wed, 20 Jan 2021 17:42:10 GMT] headiscoding edited "head, thee pagchamp"
[Wed, 20 Jan 2021 17:42:46 GMT] headiscoding edited "All Dogs Go To Heaven 2"
[Wed, 20 Jan 2021 17:44:08 GMT] headiscoding edited "Javascript"
[Wed, 20 Jan 2021 17:44:10 GMT] angrydoge edited "Javascript"
[Wed, 20 Jan 2021 17:44:14 GMT] FreakySkelebone edited "head, thee pagchamp"
[Wed, 20 Jan 2021 17:44:15 GMT] headiscoding edited "Javascript"
[Wed, 20 Jan 2021 17:44:22 GMT] angrydoge edited "Javascript"
[Wed, 20 Jan 2021 17:44:55 GMT] angrydoge edited "angrydoge"
[Wed, 20 Jan 2021 17:45:17 GMT] FreakySkelebone edited "Chair"
[Wed, 20 Jan 2021 17:45:38 GMT] FreakySkelebone edited "Chair"
[Wed, 20 Jan 2021 17:46:34 GMT] angrydoge edited "Chair"
[Wed, 20 Jan 2021 17:46:51 GMT] FreakySkelebone edited "head, thee pagchamp"
[Wed, 20 Jan 2021 17:48:36 GMT] angrydoge edited "All Dogs Go To Heaven 2"
[Wed, 20 Jan 2021 17:55:32 GMT] FreakySkelebone edited "All Dogs Go To Heaven 2"
[Wed, 20 Jan 2021 17:56:37 GMT] FreakySkelebone edited "test"
[Wed, 20 Jan 2021 17:58:20 GMT] FreakySkelebone edited "spam"
[Wed, 20 Jan 2021 18:01:25 GMT] angrydoge edited "spam"
[Wed, 20 Jan 2021 18:05:38 GMT] FreakySkelebone edited "The Spanish Inquisition"
[Wed, 20 Jan 2021 18:06:10 GMT] FreakySkelebone edited "The Spanish Inquisition"
[Wed, 20 Jan 2021 18:06:46 GMT] FreakySkelebone edited "All Dogs Go To Heaven 2"
[Wed, 20 Jan 2021 18:07:13 GMT] FreakySkelebone edited "Chair"
[Wed, 20 Jan 2021 18:07:41 GMT] FreakySkelebone edited "spam"
[Wed, 20 Jan 2021 18:08:44 GMT] FreakySkelebone edited "FSB"
[Wed, 20 Jan 2021 18:09:19 GMT] FreakySkelebone edited "head, thee pagchamp"
[Wed, 20 Jan 2021 18:09:48 GMT] Kookiez edited "spam"
[Wed, 20 Jan 2021 18:11:13 GMT] FreakySkelebone edited "Quentin Tarintino"
[Wed, 20 Jan 2021 18:11:30 GMT] FreakySkelebone edited "Quentin Tarintino"
[Wed, 20 Jan 2021 18:12:33 GMT] FreakySkelebone edited "FSB"
[Wed, 20 Jan 2021 18:52:35 GMT] CoolCoderSJ edited "head, thee pagchamp"
[Wed, 20 Jan 2021 18:53:49 GMT] Squirrel777 edited "All Dogs Go To Heaven 2"
[Wed, 20 Jan 2021 18:54:36 GMT] Squirrel777 edited "wse"
[Wed, 20 Jan 2021 19:06:20 GMT] elizurfk edited "All Dogs Go To Heaven 2"
[Wed, 20 Jan 2021 19:06:59 GMT] elizurfk edited "test"
[Wed, 20 Jan 2021 19:07:27 GMT] ch1ck3n edited "Doge"
[Wed, 20 Jan 2021 19:07:39 GMT] elizurfk edited "Javascript"
[Wed, 20 Jan 2021 19:10:17 GMT] elizurfk edited "wse"
[Wed, 20 Jan 2021 19:12:06 GMT] ch1ck3n edited "ch1ck3n"
[Wed, 20 Jan 2021 19:40:48 GMT] angrydoge edited "Doge"
[Wed, 20 Jan 2021 20:05:47 GMT] EpicGamer007 edited "EpicGamer007"
[Wed, 20 Jan 2021 20:06:38 GMT] EpicGamer007 edited "test"
[Wed, 20 Jan 2021 20:14:10 GMT] IntellectualGuy edited "All Dogs Go To Heaven 2"
[Wed, 20 Jan 2021 21:57:02 GMT] programmeruser edited "Javascript"
[Wed, 20 Jan 2021 21:57:17 GMT] programmeruser edited "Javascript"
[Wed, 20 Jan 2021 21:57:25 GMT] programmeruser edited "Javascript"
[Wed, 20 Jan 2021 21:57:29 GMT] programmeruser edited "Javascript"
[Wed, 20 Jan 2021 21:57:38 GMT] programmeruser edited "Javascript"
[Wed, 20 Jan 2021 21:58:39 GMT] programmeruser edited "Javascript"
[Wed, 20 Jan 2021 21:59:05 GMT] programmeruser edited "Javascript"
[Wed, 20 Jan 2021 21:59:19 GMT] programmeruser edited "ch1ck3n"
[Wed, 20 Jan 2021 22:00:08 GMT] programmeruser edited "spam"
[Wed, 20 Jan 2021 22:02:32 GMT] programmeruser edited "test"
[Wed, 20 Jan 2021 22:02:40 GMT] programmeruser edited "test"
[Wed, 20 Jan 2021 22:03:51 GMT] programmeruser edited "Hello World!"
[Wed, 20 Jan 2021 22:48:26 GMT] Meproi edited "google"
[Fri, 22 Jan 2021 13:57:27 GMT] HENRYMARTIN4 edited "Hello World!"
[Sat, 23 Jan 2021 23:52:00 GMT] Meproi edited "yeet"
[Sat, 23 Jan 2021 23:54:30 GMT] Meproi edited "Hello World!"
[Sun, 24 Jan 2021 23:46:59 GMT] programmeruser edited "CSRF Demonstration"
[Sun, 24 Jan 2021 23:48:37 GMT] programmeruser edited "Javascript"
[Sun, 24 Jan 2021 23:50:02 GMT] programmeruser edited "Javascript"
